2025-05-30 19:03:25,488 - INFO - 正在从 data\inputs 加载测试案例...
2025-05-30 19:03:25,488 - INFO - ✓ 案例 299864598114098336 数据完整性检查通过
2025-05-30 19:03:25,488 - INFO - ✓ 案例 48594008        数据完整性检查通过
2025-05-30 19:03:25,488 - INFO - ✓ 案例 54428503        数据完整性检查通过
2025-05-30 19:03:25,488 - INFO - ✓ 案例 56793302        数据完整性检查通过
2025-05-30 19:03:25,489 - INFO - ✓ 案例 57843102        数据完整性检查通过
2025-05-30 19:03:25,489 - INFO - ✓ 案例 62260002        数据完整性检查通过
2025-05-30 19:03:25,490 - INFO - ✓ 案例 62358001        数据完整性检查通过
2025-05-30 19:03:25,490 - INFO - ✓ 案例 62385401        数据完整性检查通过
2025-05-30 19:03:25,490 - INFO - ✓ 案例 62388101        数据完整性检查通过
2025-05-30 19:03:25,490 - INFO - 
>>> 数据加载完成，共 9 个有效案例
2025-05-30 19:03:25,490 - INFO - 
【优化迭代阶段】
2025-05-30 19:03:25,490 - INFO - ----------------------------------------
2025-05-30 19:03:25,492 - INFO - 
============================================================
2025-05-30 19:03:25,492 - INFO - 迭代轮次: 1/10
2025-05-30 19:03:25,492 - INFO - 当前最佳重合度: 0.00%
2025-05-30 19:03:25,492 - INFO - ============================================================

2025-05-30 19:03:25,492 - INFO - 1️⃣ 正在生成新的prompt...
2025-05-30 19:03:36,644 - INFO - 
程序运行结束
